2025-05-27T19:16:10.314-06:00  INFO 29056 --- [telegram] [main] c.a.telegram.TelegramApplicationTests    : Starting TelegramApplicationTests using Java 17.0.12 with PID 29056 (started by cesar in C:\Users\cesar\Tec\OCI-Project\OCI-TaskManager\telegram)
2025-05-27T19:16:10.322-06:00  INFO 29056 --- [telegram] [main] c.a.telegram.TelegramApplicationTests    : No active profile set, falling back to 1 default profile: "default"
2025-05-27T19:16:11.105-06:00  INFO 29056 --- [telegram] [main] .s.d.r.c.RepositoryConfigurationDelegate : Bootstrapping Spring Data JPA repositories in DEFAULT mode.
2025-05-27T19:16:11.177-06:00  INFO 29056 --- [telegram] [main] .s.d.r.c.RepositoryConfigurationDelegate : Finished Spring Data repository scanning in 60 ms. Found 10 JPA repository interfaces.
2025-05-27T19:16:12.798-06:00  INFO 29056 --- [telegram] [main] o.hibernate.jpa.internal.util.LogHelper  : HHH000204: Processing PersistenceUnitInfo [name: default]
2025-05-27T19:16:12.966-06:00  INFO 29056 --- [telegram] [main] org.hibernate.Version                    : HHH000412: Hibernate ORM core version 6.6.11.Final
2025-05-27T19:16:13.042-06:00  INFO 29056 --- [telegram] [main] o.h.c.internal.RegionFactoryInitiator    : HHH000026: Second-level cache disabled
2025-05-27T19:16:13.240-06:00  INFO 29056 --- [telegram] [main] o.h.e.boot.internal.EnversServiceImpl    : Envers integration enabled? : true
2025-05-27T19:16:13.529-06:00  INFO 29056 --- [telegram] [main] o.s.o.j.p.SpringPersistenceUnitInfo      : No LoadTimeWeaver setup: ignoring JPA class transformer
2025-05-27T19:16:17.420-06:00  WARN 29056 --- [telegram] [main] org.hibernate.orm.deprecation            : HHH90000025: OracleDialect does not need to be specified explicitly using 'hibernate.dialect' (remove the property setting and it will be selected by default)
2025-05-27T19:16:17.496-06:00  INFO 29056 --- [telegram] [main] org.hibernate.orm.connections.pooling    : HHH10001005: Database info:
	Database JDBC URL [Connecting through datasource 'oracle.ucp.jdbc.PoolDataSourceImpl@1d99ee1b']
	Database driver: undefined/unknown
	Database version: 19.0
	Autocommit mode: undefined/unknown
	Isolation level: undefined/unknown
	Minimum pool size: undefined/unknown
	Maximum pool size: undefined/unknown
2025-05-27T19:16:18.816-06:00  INFO 29056 --- [telegram] [main] o.h.e.t.j.p.i.JtaPlatformInitiator       : HHH000489: No JTA platform available (set 'hibernate.transaction.jta.platform' to enable JTA platform integration)
2025-05-27T19:16:19.397-06:00  INFO 29056 --- [telegram] [main] j.LocalContainerEntityManagerFactoryBean : Initialized JPA EntityManagerFactory for persistence unit 'default'
2025-05-27T19:16:20.278-06:00  INFO 29056 --- [telegram] [main] o.s.d.j.r.query.QueryEnhancerFactory     : Hibernate is in classpath; If applicable, HQL parser will be used.
2025-05-27T19:16:22.389-06:00  INFO 29056 --- [telegram] [main] o.t.abilitybots.api.objects.Ability      : No post action was detected for method with name [commands]
2025-05-27T19:16:22.392-06:00  INFO 29056 --- [telegram] [main] o.t.abilitybots.api.objects.Ability      : No post action was detected for method with name [stats]
2025-05-27T19:16:22.393-06:00  INFO 29056 --- [telegram] [main] o.t.abilitybots.api.objects.Ability      : No post action was detected for method with name [report]
2025-05-27T19:16:22.404-06:00  INFO 29056 --- [telegram] [main] o.t.abilitybots.api.objects.Ability      : No post action was detected for method with name [recover]
2025-05-27T19:16:22.406-06:00  INFO 29056 --- [telegram] [main] o.t.abilitybots.api.objects.Ability      : No post action was detected for method with name [backup]
2025-05-27T19:16:22.406-06:00  INFO 29056 --- [telegram] [main] o.t.abilitybots.api.objects.Ability      : No post action was detected for method with name [ban]
2025-05-27T19:16:22.407-06:00  INFO 29056 --- [telegram] [main] o.t.abilitybots.api.objects.Ability      : No post action was detected for method with name [unban]
2025-05-27T19:16:22.407-06:00  INFO 29056 --- [telegram] [main] o.t.abilitybots.api.objects.Ability      : No post action was detected for method with name [promote]
2025-05-27T19:16:22.407-06:00  INFO 29056 --- [telegram] [main] o.t.abilitybots.api.objects.Ability      : No post action was detected for method with name [demote]
2025-05-27T19:16:22.408-06:00  INFO 29056 --- [telegram] [main] o.t.abilitybots.api.objects.Ability      : No post action was detected for method with name [claim]
2025-05-27T19:16:22.408-06:00  INFO 29056 --- [telegram] [main] o.t.abilitybots.api.objects.Ability      : No post action was detected for method with name [start]
2025-05-27T19:16:22.410-06:00  INFO 29056 --- [telegram] [main] o.t.abilitybots.api.objects.Ability      : No post action was detected for method with name [login]
2025-05-27T19:16:23.668-06:00  WARN 29056 --- [telegram] [main] JpaBaseConfiguration$JpaWebConfiguration : spring.jpa.open-in-view is enabled by default. Therefore, database queries may be performed during view rendering. Explicitly configure spring.jpa.open-in-view to disable this warning
2025-05-27T19:16:23.803-06:00  INFO 29056 --- [telegram] [main] o.s.v.b.OptionalValidatorFactoryBean     : Failed to set up a Bean Validation provider: jakarta.validation.NoProviderFoundException: Unable to create a Configuration, because no Jakarta Bean Validation provider could be found. Add a provider like Hibernate Validator (RI) to your classpath.
2025-05-27T19:16:25.111-06:00  INFO 29056 --- [telegram] [main] o.s.b.a.e.web.EndpointLinksResolver      : Exposing 1 endpoint beneath base path '/actuator'
2025-05-27T19:16:25.250-06:00  INFO 29056 --- [telegram] [main] c.a.telegram.TelegramApplicationTests    : Started TelegramApplicationTests in 15.345 seconds (process running for 16.41)
2025-05-27T19:16:25.856-06:00  INFO 29056 --- [telegram] [SpringApplicationShutdownHook] j.LocalContainerEntityManagerFactoryBean : Closing JPA EntityManagerFactory for persistence unit 'default'
